<?xml version="1.0" encoding="UTF-8"?>
<!-- Generated by org.testng.reporters.JUnitReportReporter -->
<testsuite hostname="HP" failures="0" tests="6" name="Runner.Testrunner" time="0.209" errors="0" timestamp="2024-02-13T12:10:30 IST" skipped="0">
  <testcase classname="Runner.Testrunner" name="runScenario" time="0.034"/>
  <system-out/>
  <testcase classname="Runner.Testrunner" name="runScenario" time="0.021"/>
  <system-out/>
  <testcase classname="Runner.Testrunner" name="runScenario" time="0.105"/>
  <system-out/>
  <testcase classname="Runner.Testrunner" name="runScenario" time="0.021"/>
  <system-out/>
  <testcase classname="Runner.Testrunner" name="runScenario" time="0.016"/>
  <system-out/>
  <testcase classname="Runner.Testrunner" name="runScenario" time="0.012"/>
  <system-out/>
</testsuite> <!-- Runner.Testrunner -->
